2017-Jan-07 15:41:38.127340 Monero 'Wolfram Warptangent' (v0.10.1.0-release)
2017-Jan-07 15:41:38.127366 Setting log level = 0
2017-Jan-07 15:41:38.127372 default_log: monero-wallet-cli.log
2017-Jan-07 15:41:38.127381 Logging at log level 0 to /home/cacna1c/moneriote/monero-wallet-cli.log
2017-Jan-07 15:41:38.127390 Loading wallet...
2017-Jan-07 15:41:38.145714 Loaded wallet keys file, with public address: 421rhwa9en1UtJY4gYF9VbdscFLz6UXjQFE4MnSY9TCQHC9XtK8mweQaKzbMna1g6U1BKDMjD7DPQVUQE5pWuVRBGmJUB8x
2017-Jan-07 15:41:40.714128 Loaded ok
2017-Jan-07 15:41:40.714407 Binding on 127.0.0.1:18092
2017-Jan-07 15:41:40.714550 Starting wallet rpc server
2017-Jan-07 15:41:40.714601 Run net_service loop( 1 threads)...
2017-Jan-07 15:41:43.444828 [SRV_MAIN]net_service loop stopped.
2017-Jan-07 15:41:43.444901 [SRV_MAIN]Stopped wallet rpc server
2017-Jan-07 15:41:43.444922 [SRV_MAIN]Storing wallet...
2017-Jan-07 15:41:43.659272 [SRV_MAIN]Stored ok
2017-Jan-07 15:43:58.572488 Monero 'Wolfram Warptangent' (v0.10.1.0-release)
2017-Jan-07 15:43:58.572535 Setting log level = 0
2017-Jan-07 15:43:58.572542 default_log: monero-wallet-cli.log
2017-Jan-07 15:43:58.572551 Logging at log level 0 to /home/cacna1c/moneriote/monero-wallet-cli.log
2017-Jan-07 15:43:58.572574 Loading wallet...
2017-Jan-07 15:43:58.607326 Loaded wallet keys file, with public address: 421rhwa9en1UtJY4gYF9VbdscFLz6UXjQFE4MnSY9TCQHC9XtK8mweQaKzbMna1g6U1BKDMjD7DPQVUQE5pWuVRBGmJUB8x
2017-Jan-07 15:44:00.992970 Loaded ok
2017-Jan-07 15:44:00.993054 Binding on 127.0.0.1:18092
2017-Jan-07 15:44:00.993099 Starting wallet rpc server
2017-Jan-07 15:44:00.993113 Run net_service loop( 1 threads)...
2017-Jan-07 15:45:25.990765 Monero 'Wolfram Warptangent' (v0.10.1.0-release)
2017-Jan-07 15:45:25.990794 Setting log level = 0
2017-Jan-07 15:45:25.990800 default_log: monero-wallet-cli.log
2017-Jan-07 15:45:25.990809 Logging at log level 0 to /home/cacna1c/moneriote/monero-wallet-cli.log
2017-Jan-07 15:45:25.990819 Loading wallet...
2017-Jan-07 15:45:26.009640 Loaded wallet keys file, with public address: 421rhwa9en1UtJY4gYF9VbdscFLz6UXjQFE4MnSY9TCQHC9XtK8mweQaKzbMna1g6U1BKDMjD7DPQVUQE5pWuVRBGmJUB8x
2017-Jan-07 15:45:28.121379 Loaded ok
2017-Jan-07 15:45:28.121699 Binding on 127.0.0.1:18092
2017-Jan-07 15:45:28.121777 ERROR /DISTRIBUTION-BUILD/contrib/epee/include/net/abstract_tcp_server2.inl:744 Exception at [boosted_tcp_server<t_protocol_handler>::init_server], what=bind: Address already in use
2017-Jan-07 15:45:28.121794 ERROR /DISTRIBUTION-BUILD/contrib/epee/include/net/http_server_impl_base.h:71 Failed to bind server
2017-Jan-07 15:45:28.121807 ERROR /DISTRIBUTION-BUILD/src/wallet/wallet_rpc_server.cpp:1210 Failed to initialize wallet rpc server
2017-Jan-07 15:45:28.314062 [SRV_MAIN]net_service loop stopped.
2017-Jan-07 15:45:28.314116 [SRV_MAIN]Stopped wallet rpc server
2017-Jan-07 15:45:28.314138 [SRV_MAIN]Storing wallet...
2017-Jan-07 15:45:28.623589 [SRV_MAIN]Stored ok
2017-Jan-07 15:47:13.463831 Monero 'Wolfram Warptangent' (v0.10.1.0-release)
2017-Jan-07 15:47:13.463857 Setting log level = 0
2017-Jan-07 15:47:13.463863 default_log: monero-wallet-cli.log
2017-Jan-07 15:47:13.463872 Logging at log level 0 to /home/cacna1c/moneriote/monero-wallet-cli.log
2017-Jan-07 15:47:13.463882 Loading wallet...
2017-Jan-07 15:47:13.483129 Loaded wallet keys file, with public address: 421rhwa9en1UtJY4gYF9VbdscFLz6UXjQFE4MnSY9TCQHC9XtK8mweQaKzbMna1g6U1BKDMjD7DPQVUQE5pWuVRBGmJUB8x
2017-Jan-07 15:47:18.613092 Loaded ok
2017-Jan-07 15:47:18.613390 Binding on 127.0.0.1:18092
2017-Jan-07 15:47:18.613570 Starting wallet rpc server
2017-Jan-07 15:47:18.613626 Run net_service loop( 1 threads)...
2017-Jan-07 15:49:31.961773 [SRV_MAIN]net_service loop stopped.
2017-Jan-07 15:49:31.961872 [SRV_MAIN]Stopped wallet rpc server
2017-Jan-07 15:49:31.961916 [SRV_MAIN]Storing wallet...
2017-Jan-07 15:49:32.164526 [SRV_MAIN]Stored ok
2017-Jan-07 15:49:41.325714 Monero 'Wolfram Warptangent' (v0.10.1.0-release)
2017-Jan-07 15:49:41.325797 Setting log level = 0
2017-Jan-07 15:49:41.325821 default_log: monero-wallet-cli.log
2017-Jan-07 15:49:41.325875 Logging at log level 0 to /home/cacna1c/moneriote/monero-wallet-cli.log
2017-Jan-07 15:49:41.325930 Loading wallet...
2017-Jan-07 15:49:41.346567 Loaded wallet keys file, with public address: 421rhwa9en1UtJY4gYF9VbdscFLz6UXjQFE4MnSY9TCQHC9XtK8mweQaKzbMna1g6U1BKDMjD7DPQVUQE5pWuVRBGmJUB8x
2017-Jan-07 15:49:47.629250 Loaded ok
2017-Jan-07 15:49:47.629345 Binding on 127.0.0.1:18092
2017-Jan-07 15:49:47.629390 Starting wallet rpc server
2017-Jan-07 15:49:47.629403 Run net_service loop( 1 threads)...
2017-Jan-07 15:50:12.646976 [SRV_MAIN]net_service loop stopped.
2017-Jan-07 15:50:12.647005 [SRV_MAIN]Stopped wallet rpc server
2017-Jan-07 15:50:12.647013 [SRV_MAIN]Storing wallet...
2017-Jan-07 15:50:12.944229 [SRV_MAIN]Stored ok
2017-Jan-07 15:57:58.476444 Monero 'Wolfram Warptangent' (v0.10.1.0-release)
2017-Jan-07 15:57:58.476472 Setting log level = 0
2017-Jan-07 15:57:58.476478 default_log: monero-wallet-cli.log
2017-Jan-07 15:57:58.476487 Logging at log level 0 to /home/cacna1c/moneriote/monero-wallet-cli.log
2017-Jan-07 15:57:58.476597 Loading wallet...
2017-Jan-07 15:57:58.496017 Loaded wallet keys file, with public address: 421rhwa9en1UtJY4gYF9VbdscFLz6UXjQFE4MnSY9TCQHC9XtK8mweQaKzbMna1g6U1BKDMjD7DPQVUQE5pWuVRBGmJUB8x
2017-Jan-07 15:58:00.243989 Loaded ok
2017-Jan-07 15:58:00.244278 Binding on 127.0.0.1:18092
2017-Jan-07 15:58:00.244422 Starting wallet rpc server
2017-Jan-07 15:58:00.244473 Run net_service loop( 1 threads)...
2017-Jan-07 15:58:17.953300 [SRV_MAIN]net_service loop stopped.
2017-Jan-07 15:58:17.953391 [SRV_MAIN]Stopped wallet rpc server
2017-Jan-07 15:58:17.953432 [SRV_MAIN]Storing wallet...
2017-Jan-07 15:58:18.155817 [SRV_MAIN]Stored ok
2017-Jan-07 15:59:08.047371 Monero 'Wolfram Warptangent' (v0.10.1.0-release)
2017-Jan-07 15:59:08.047398 Setting log level = 0
2017-Jan-07 15:59:08.047403 default_log: monero-wallet-cli.log
2017-Jan-07 15:59:08.047755 Logging at log level 0 to /home/cacna1c/moneriote/monero-wallet-cli.log
2017-Jan-07 15:59:08.047771 Loading wallet...
2017-Jan-07 15:59:08.065886 Loaded wallet keys file, with public address: 421rhwa9en1UtJY4gYF9VbdscFLz6UXjQFE4MnSY9TCQHC9XtK8mweQaKzbMna1g6U1BKDMjD7DPQVUQE5pWuVRBGmJUB8x
2017-Jan-07 15:59:10.519357 Loaded ok
2017-Jan-07 15:59:10.519650 Binding on 127.0.0.1:18092
2017-Jan-07 15:59:10.519794 Starting wallet rpc server
2017-Jan-07 15:59:10.519856 Run net_service loop( 1 threads)...
2017-Jan-07 15:59:23.076684 [SRV_MAIN]net_service loop stopped.
2017-Jan-07 15:59:23.076720 [SRV_MAIN]Stopped wallet rpc server
2017-Jan-07 15:59:23.076728 [SRV_MAIN]Storing wallet...
2017-Jan-07 15:59:23.267636 [SRV_MAIN]Stored ok
2017-Jan-07 16:02:04.296233 Monero 'Wolfram Warptangent' (v0.10.1.0-release)
2017-Jan-07 16:02:04.296261 Setting log level = 0
2017-Jan-07 16:02:04.296267 default_log: monero-wallet-cli.log
2017-Jan-07 16:02:04.296276 Logging at log level 0 to /home/cacna1c/moneriote/monero-wallet-cli.log
2017-Jan-07 16:02:04.296285 Loading wallet...
2017-Jan-07 16:02:04.321825 Loaded wallet keys file, with public address: 421rhwa9en1UtJY4gYF9VbdscFLz6UXjQFE4MnSY9TCQHC9XtK8mweQaKzbMna1g6U1BKDMjD7DPQVUQE5pWuVRBGmJUB8x
2017-Jan-07 16:02:06.888843 Loaded ok
2017-Jan-07 16:02:06.889132 Binding on 127.0.0.1:18092
2017-Jan-07 16:02:06.889287 Starting wallet rpc server
2017-Jan-07 16:02:06.889339 Run net_service loop( 1 threads)...
2017-Jan-07 16:02:29.202341 [SRV_MAIN]net_service loop stopped.
2017-Jan-07 16:02:29.202446 [SRV_MAIN]Stopped wallet rpc server
2017-Jan-07 16:02:29.202490 [SRV_MAIN]Storing wallet...
2017-Jan-07 16:02:29.406037 [SRV_MAIN]Stored ok
